<?xml version="1.0" encoding="UTF-8"?>
<!-- Generated by org.testng.reporters.JUnitReportReporter -->
<testsuite hostname="DESKTOP-TCC86SQ" failures="0" tests="5" name="bankingPackage.BankingTestCases" time="27.526" errors="0" timestamp="2024-04-24T13:53:48 TRT" skipped="3">
  <testcase classname="bankingPackage.BankingTestCases" name="customerTest" time="6.832"/>
  <system-out/>
  <testcase classname="bankingPackage.BankingTestCases" name="addDeposit" time="20.694"/>
  <system-out/>
  <testcase classname="bankingPackage.BankingTestCases" name="managerTest">
    <skipped/>
  </testcase> <!-- managerTest -->
  <system-out/>
  <testcase classname="bankingPackage.BankingTestCases" name="addAccount">
    <skipped/>
  </testcase> <!-- addAccount -->
  <system-out/>
  <testcase classname="bankingPackage.BankingTestCases" name="deleteCustomer">
    <skipped/>
  </testcase> <!-- deleteCustomer -->
  <system-out/>
</testsuite> <!-- bankingPackage.BankingTestCases -->
